This file contains any messages produced by compilers while
running configure, to aid debugging if configure makes a mistake.

It was created by configure, which was
generated by GNU Autoconf 2.69.  Invocation command line was

  $ ./configure --host=arm-none-eabi

## --------- ##
## Platform. ##
## --------- ##

hostname = MacBook-Pro.local
uname -m = x86_64
uname -r = 21.6.0
uname -s = Darwin
uname -v = Darwin Kernel Version 21.6.0: Mon Jun 24 00:56:10 PDT 2024; root:xnu-8020.240.18.709.2~1/RELEASE_X86_64

/usr/bin/uname -p = i386
/bin/uname -X     = unknown

/bin/arch              = unknown
/usr/bin/arch -k       = unknown
/usr/convex/getsysinfo = unknown
/usr/bin/hostinfo      = Mach kernel version:
	 Darwin Kernel Version 21.6.0: Mon Jun 24 00:56:10 PDT 2024; root:xnu-8020.240.18.709.2~1/RELEASE_X86_64
Kernel configured for up to 4 processors.
2 processors are physically available.
4 processors are logically available.
Processor type: x86_64h (Intel x86-64h Haswell)
Processors active: 0 1 2 3
Primary memory available: 16.00 gigabytes
Default processor set: 542 tasks, 2258 threads, 4 processors
Load average: 1.65, Mach factor: 2.34
/bin/machine           = unknown
/usr/bin/oslevel       = unknown
/bin/universe          = unknown

PATH: /opt/local/bin
PATH: /opt/local/sbin
PATH: /Library/Frameworks/Python.framework/Versions/3.12/bin
PATH: /usr/local/bin
PATH: /usr/bin
PATH: /bin
PATH: /usr/sbin
PATH: /sbin
PATH: /Applications/VMware Fusion.app/Contents/Public
PATH: /opt/local/bin
PATH: /opt/local/sbin
PATH: /Library/Frameworks/Python.framework/Versions/3.12/bin
PATH: /Users/mylesbutterfield/.cargo/bin
PATH: /Users/mylesbutterfield/go/bin
PATH: /Users/mylesbutterfield/.local/bin
PATH: /Library/Frameworks/Python.framework/Versions/3.11/bin
PATH: /Users/mylesbutterfield/go/bin
PATH: /Users/mylesbutterfield/.local/bin
PATH: /Library/Frameworks/Python.framework/Versions/3.11/bin
PATH: /Users/mylesbutterfield/.local/bin


## ----------- ##
## Core tests. ##
## ----------- ##

configure:2349: checking build system type
configure:2363: result: x86_64-apple-darwin21.6.0
configure:2410: checking host system type
configure:2423: result: arm-none-eabi
configure:2443: checking target system type
configure:2456: result: arm-none-eabi
configure:2510: checking for a BSD-compatible install
configure:2578: result: /usr/bin/install -c
configure:2589: checking whether ln works
configure:2611: result: yes
configure:2615: checking whether ln -s works
configure:2619: result: yes
configure:2626: checking for a sed that does not truncate output
configure:2690: result: /usr/bin/sed
configure:2699: checking for gawk
configure:2729: result: no
configure:2699: checking for mawk
configure:2729: result: no
configure:2699: checking for nawk
configure:2729: result: no
configure:2699: checking for awk
configure:2715: found /usr/bin/awk
configure:2726: result: awk
configure:4129: checking for arm-none-eabi-gcc
configure:4159: result: no
configure:4169: checking for gcc
configure:4185: found /usr/bin/gcc
configure:4196: result: gcc
configure:4425: checking for C compiler version
configure:4434: gcc --version >&5
Apple clang version 14.0.0 (clang-1400.0.29.202)
Target: x86_64-apple-darwin21.6.0
Thread model: posix
InstalledDir: /Library/Developer/CommandLineTools/usr/bin
configure:4445: $? = 0
configure:4434: gcc -v >&5
Apple clang version 14.0.0 (clang-1400.0.29.202)
Target: x86_64-apple-darwin21.6.0
Thread model: posix
InstalledDir: /Library/Developer/CommandLineTools/usr/bin
configure:4445: $? = 0
configure:4434: gcc -V >&5
clang: error: argument to '-V' is missing (expected 1 value)
clang: error: no input files
configure:4445: $? = 1
configure:4434: gcc -qversion >&5
clang: error: unknown argument '-qversion'; did you mean '--version'?
clang: error: no input files
configure:4445: $? = 1
configure:4465: checking whether the C compiler works
configure:4487: gcc    conftest.c  >&5
configure:4491: $? = 0
configure:4539: result: yes
configure:4542: checking for C compiler default output file name
configure:4544: result: a.out
configure:4550: checking for suffix of executables
configure:4557: gcc -o conftest    conftest.c  >&5
configure:4561: $? = 0
configure:4583: result: 
configure:4605: checking whether we are cross compiling
configure:4613: gcc -o conftest    conftest.c  >&5
configure:4617: $? = 0
configure:4624: ./conftest
configure:4628: $? = 0
configure:4643: result: no
configure:4648: checking for suffix of object files
configure:4670: gcc -c   conftest.c >&5
configure:4674: $? = 0
configure:4695: result: o
configure:4699: checking whether we are using the GNU C compiler
configure:4718: gcc -c   conftest.c >&5
configure:4718: $? = 0
configure:4727: result: yes
configure:4736: checking whether gcc accepts -g
configure:4756: gcc -c -g  conftest.c >&5
configure:4756: $? = 0
configure:4797: result: yes
configure:4814: checking for gcc option to accept ISO C89
configure:4877: gcc  -c -g -O2  conftest.c >&5
configure:4877: $? = 0
configure:4890: result: none needed
configure:4924: checking for arm-none-eabi-g++
configure:4954: result: no
configure:4924: checking for arm-none-eabi-c++
configure:4954: result: no
configure:4924: checking for arm-none-eabi-gpp
configure:4954: result: no
configure:4924: checking for arm-none-eabi-aCC
configure:4954: result: no
configure:4924: checking for arm-none-eabi-CC
configure:4954: result: no
configure:4924: checking for arm-none-eabi-cxx
configure:4954: result: no
configure:4924: checking for arm-none-eabi-cc++
configure:4954: result: no
configure:4924: checking for arm-none-eabi-cl.exe
configure:4954: result: no
configure:4924: checking for arm-none-eabi-FCC
configure:4954: result: no
configure:4924: checking for arm-none-eabi-KCC
configure:4954: result: no
configure:4924: checking for arm-none-eabi-RCC
configure:4954: result: no
configure:4924: checking for arm-none-eabi-xlC_r
configure:4954: result: no
configure:4924: checking for arm-none-eabi-xlC
configure:4954: result: no
configure:4968: checking for g++
configure:4984: found /usr/bin/g++
configure:4995: result: g++
configure:5022: checking for C++ compiler version
configure:5031: g++ --version >&5
Apple clang version 14.0.0 (clang-1400.0.29.202)
Target: x86_64-apple-darwin21.6.0
Thread model: posix
InstalledDir: /Library/Developer/CommandLineTools/usr/bin
configure:5042: $? = 0
configure:5031: g++ -v >&5
Apple clang version 14.0.0 (clang-1400.0.29.202)
Target: x86_64-apple-darwin21.6.0
Thread model: posix
InstalledDir: /Library/Developer/CommandLineTools/usr/bin
configure:5042: $? = 0
configure:5031: g++ -V >&5
clang: error: argument to '-V' is missing (expected 1 value)
clang: error: no input files
configure:5042: $? = 1
configure:5031: g++ -qversion >&5
clang: error: unknown argument '-qversion'; did you mean '--version'?
clang: error: no input files
configure:5042: $? = 1
configure:5046: checking whether we are using the GNU C++ compiler
configure:5065: g++ -c   conftest.cpp >&5
configure:5065: $? = 0
configure:5074: result: yes
configure:5083: checking whether g++ accepts -g
configure:5103: g++ -c -g  conftest.cpp >&5
configure:5103: $? = 0
configure:5144: result: yes
configure:5193: checking whether g++ accepts -static-libstdc++ -static-libgcc
configure:5210: g++ -o conftest -g -O2   -static-libstdc++ -static-libgcc conftest.cpp  >&5
clang: error: unsupported option '-static-libgcc'
configure:5210: $? = 1
configure: failed program was:
| /* confdefs.h */
| #define PACKAGE_NAME ""
| #define PACKAGE_TARNAME ""
| #define PACKAGE_VERSION ""
| #define PACKAGE_STRING ""
| #define PACKAGE_BUGREPORT ""
| #define PACKAGE_URL ""
| /* end confdefs.h.  */
| 
| #if (__GNUC__ < 4) || (__GNUC__ == 4 && __GNUC_MINOR__ < 5)
| #error -static-libstdc++ not implemented
| #endif
| int main() {}
configure:5214: result: no
configure:5235: checking for arm-none-eabi-gnatbind
configure:5265: result: no
configure:5275: checking for gnatbind
configure:5305: result: no
configure:5327: checking for arm-none-eabi-gnatmake
configure:5357: result: no
configure:5367: checking for gnatmake
configure:5397: result: no
configure:5416: checking whether compiler driver understands Ada
configure:5439: result: no
configure:5448: checking how to compare bootstrapped objects
configure:5473: result: cmp --ignore-initial=16 $$f1 $$f2
configure:5533: checking for objdir
configure:5548: result: .libs
configure:6092: checking for isl 0.16, 0.15, or deprecated 0.14
configure:6105: gcc -o conftest -g -O2      -lisl -lmpc -lmpfr -lgmp conftest.c  -lisl -lgmp >&5
configure:6105: $? = 0
configure:6112: result: yes
configure:6120: checking for isl 0.16 or 0.15
configure:6133: gcc -o conftest -g -O2      -lisl -lmpc -lmpfr -lgmp conftest.c  -lisl -lgmp >&5
configure:6133: $? = 0
configure:6140: result: yes
configure:7158: checking for default BUILD_CONFIG
configure:7190: result: 
configure:7195: checking for --enable-vtable-verify
configure:7208: result: no
configure:7814: checking for bison
configure:7830: found /usr/bin/bison
configure:7841: result: bison -y
configure:7861: checking for bison
configure:7877: found /usr/bin/bison
configure:7888: result: bison
configure:7908: checking for gm4
configure:7924: found /usr/bin/gm4
configure:7935: result: gm4
configure:7955: checking for flex
configure:7971: found /usr/bin/flex
configure:7982: result: flex
configure:8003: checking for flex
configure:8019: found /usr/bin/flex
configure:8030: result: flex
configure:8050: checking for makeinfo
configure:8066: found /usr/bin/makeinfo
configure:8077: result: makeinfo
configure:8111: checking for expect
configure:8127: found /usr/bin/expect
configure:8138: result: expect
configure:8160: checking for runtest
configure:8190: result: no
configure:8266: checking for arm-none-eabi-ar
configure:8296: result: no
configure:8407: checking for arm-none-eabi-as
configure:8437: result: no
configure:8548: checking for arm-none-eabi-dlltool
configure:8578: result: no
configure:8647: checking for ld
configure:8674: result: /Library/Developer/CommandLineTools/usr/bin/ld
configure:8689: checking for arm-none-eabi-ld
configure:8716: result: /Library/Developer/CommandLineTools/usr/bin/ld
configure:8830: checking for arm-none-eabi-lipo
configure:8860: result: no
configure:8971: checking for arm-none-eabi-nm
configure:9001: result: no
configure:9112: checking for arm-none-eabi-ranlib
configure:9142: result: no
configure:9248: checking for arm-none-eabi-strip
configure:9278: result: no
configure:9384: checking for arm-none-eabi-windres
configure:9414: result: no
configure:9525: checking for arm-none-eabi-windmc
configure:9555: result: no
configure:9666: checking for arm-none-eabi-objcopy
configure:9696: result: no
configure:9807: checking for arm-none-eabi-objdump
configure:9837: result: no
configure:9948: checking for arm-none-eabi-readelf
configure:9978: result: no
configure:10040: checking for -plugin option
configure:10058: checking for arm-none-eabi-ar
configure:10085: result: arm-none-eabi-ar
configure:10153: WARNING: Failed: arm-none-eabi-ar  rc
configure:10163: result: no
configure:14166: checking where to find the target ar
configure:14172: result: pre-installed in /Library/Developer/CommandLineTools/usr/bin
configure:14208: checking where to find the target as
configure:14214: result: pre-installed in /Library/Developer/CommandLineTools/usr/bin
configure:14250: checking where to find the target cc
configure:14260: result: pre-installed
configure:14292: checking where to find the target c++
configure:14302: result: pre-installed
configure:14337: checking where to find the target c++ for libstdc++
configure:14347: result: pre-installed
configure:14382: checking where to find the target dlltool
configure:14392: result: pre-installed
configure:14424: checking where to find the target gcc
configure:14434: result: pre-installed
configure:14466: checking where to find the target gcj
configure:14476: result: pre-installed
configure:14511: checking where to find the target gfortran
configure:14521: result: pre-installed
configure:14556: checking where to find the target gccgo
configure:14566: result: pre-installed
configure:14601: checking where to find the target ld
configure:14607: result: pre-installed in /Library/Developer/CommandLineTools/usr/bin
configure:14643: checking where to find the target lipo
configure:14649: result: pre-installed in /Library/Developer/CommandLineTools/usr/bin
configure:14674: checking where to find the target nm
configure:14680: result: pre-installed in /Library/Developer/CommandLineTools/usr/bin
configure:14716: checking where to find the target objcopy
configure:14726: result: pre-installed
configure:14758: checking where to find the target objdump
configure:14764: result: pre-installed in /Library/Developer/CommandLineTools/usr/bin
configure:14800: checking where to find the target ranlib
configure:14806: result: pre-installed in /Library/Developer/CommandLineTools/usr/bin
configure:14842: checking where to find the target readelf
configure:14852: result: pre-installed
configure:14884: checking where to find the target strip
configure:14890: result: pre-installed in /Library/Developer/CommandLineTools/usr/bin
configure:14926: checking where to find the target windres
configure:14936: result: pre-installed
configure:14968: checking where to find the target windmc
configure:14978: result: pre-installed
configure:15038: checking whether to enable maintainer-specific portions of Makefiles
configure:15047: result: no
configure:15317: creating ./config.status

## ---------------------- ##
## Running config.status. ##
## ---------------------- ##

This file was extended by config.status, which was
generated by GNU Autoconf 2.69.  Invocation command line was

  CONFIG_FILES    = 
  CONFIG_HEADERS  = 
  CONFIG_LINKS    = 
  CONFIG_COMMANDS = 
  $ ./config.status 

on MacBook-Pro.local

config.status:911: creating Makefile

## ---------------- ##
## Cache variables. ##
## ---------------- ##

ac_cv_build=x86_64-apple-darwin21.6.0
ac_cv_c_compiler_gnu=yes
ac_cv_cxx_compiler_gnu=yes
ac_cv_env_AR_FOR_TARGET_set=
ac_cv_env_AR_FOR_TARGET_value=
ac_cv_env_AR_set=
ac_cv_env_AR_value=
ac_cv_env_AS_FOR_TARGET_set=
ac_cv_env_AS_FOR_TARGET_value=
ac_cv_env_AS_set=
ac_cv_env_AS_value=
ac_cv_env_CCC_set=
ac_cv_env_CCC_value=
ac_cv_env_CC_FOR_TARGET_set=
ac_cv_env_CC_FOR_TARGET_value=
ac_cv_env_CC_set=
ac_cv_env_CC_value=
ac_cv_env_CFLAGS_set=
ac_cv_env_CFLAGS_value=
ac_cv_env_CPPFLAGS_set=
ac_cv_env_CPPFLAGS_value=
ac_cv_env_CXXFLAGS_set=
ac_cv_env_CXXFLAGS_value=
ac_cv_env_CXX_FOR_TARGET_set=
ac_cv_env_CXX_FOR_TARGET_value=
ac_cv_env_CXX_set=
ac_cv_env_CXX_value=
ac_cv_env_DLLTOOL_FOR_TARGET_set=
ac_cv_env_DLLTOOL_FOR_TARGET_value=
ac_cv_env_DLLTOOL_set=
ac_cv_env_DLLTOOL_value=
ac_cv_env_GCC_FOR_TARGET_set=
ac_cv_env_GCC_FOR_TARGET_value=
ac_cv_env_GCJ_FOR_TARGET_set=
ac_cv_env_GCJ_FOR_TARGET_value=
ac_cv_env_GFORTRAN_FOR_TARGET_set=
ac_cv_env_GFORTRAN_FOR_TARGET_value=
ac_cv_env_GOC_FOR_TARGET_set=
ac_cv_env_GOC_FOR_TARGET_value=
ac_cv_env_LDFLAGS_set=
ac_cv_env_LDFLAGS_value=
ac_cv_env_LD_FOR_TARGET_set=
ac_cv_env_LD_FOR_TARGET_value=
ac_cv_env_LD_set=
ac_cv_env_LD_value=
ac_cv_env_LIBS_set=
ac_cv_env_LIBS_value=
ac_cv_env_LIPO_FOR_TARGET_set=
ac_cv_env_LIPO_FOR_TARGET_value=
ac_cv_env_LIPO_set=
ac_cv_env_LIPO_value=
ac_cv_env_NM_FOR_TARGET_set=
ac_cv_env_NM_FOR_TARGET_value=
ac_cv_env_NM_set=
ac_cv_env_NM_value=
ac_cv_env_OBJCOPY_FOR_TARGET_set=
ac_cv_env_OBJCOPY_FOR_TARGET_value=
ac_cv_env_OBJCOPY_set=
ac_cv_env_OBJCOPY_value=
ac_cv_env_OBJDUMP_FOR_TARGET_set=
ac_cv_env_OBJDUMP_FOR_TARGET_value=
ac_cv_env_OBJDUMP_set=
ac_cv_env_OBJDUMP_value=
ac_cv_env_RANLIB_FOR_TARGET_set=
ac_cv_env_RANLIB_FOR_TARGET_value=
ac_cv_env_RANLIB_set=
ac_cv_env_RANLIB_value=
ac_cv_env_READELF_FOR_TARGET_set=
ac_cv_env_READELF_FOR_TARGET_value=
ac_cv_env_READELF_set=
ac_cv_env_READELF_value=
ac_cv_env_STRIP_FOR_TARGET_set=
ac_cv_env_STRIP_FOR_TARGET_value=
ac_cv_env_STRIP_set=
ac_cv_env_STRIP_value=
ac_cv_env_WINDMC_FOR_TARGET_set=
ac_cv_env_WINDMC_FOR_TARGET_value=
ac_cv_env_WINDMC_set=
ac_cv_env_WINDMC_value=
ac_cv_env_WINDRES_FOR_TARGET_set=
ac_cv_env_WINDRES_FOR_TARGET_value=
ac_cv_env_WINDRES_set=
ac_cv_env_WINDRES_value=
ac_cv_env_build_alias_set=
ac_cv_env_build_alias_value=
ac_cv_env_build_configargs_set=
ac_cv_env_build_configargs_value=
ac_cv_env_host_alias_set=set
ac_cv_env_host_alias_value=arm-none-eabi
ac_cv_env_host_configargs_set=
ac_cv_env_host_configargs_value=
ac_cv_env_target_alias_set=
ac_cv_env_target_alias_value=
ac_cv_env_target_configargs_set=
ac_cv_env_target_configargs_value=
ac_cv_host=arm-none-eabi
ac_cv_objext=o
ac_cv_path_AR_FOR_TARGET=/Library/Developer/CommandLineTools/usr/bin/ar
ac_cv_path_AS_FOR_TARGET=/Library/Developer/CommandLineTools/usr/bin/as
ac_cv_path_LD_FOR_TARGET=/Library/Developer/CommandLineTools/usr/bin/ld
ac_cv_path_LIPO_FOR_TARGET=/Library/Developer/CommandLineTools/usr/bin/lipo
ac_cv_path_NM_FOR_TARGET=/Library/Developer/CommandLineTools/usr/bin/nm
ac_cv_path_OBJDUMP_FOR_TARGET=/Library/Developer/CommandLineTools/usr/bin/objdump
ac_cv_path_RANLIB_FOR_TARGET=/Library/Developer/CommandLineTools/usr/bin/ranlib
ac_cv_path_SED=/usr/bin/sed
ac_cv_path_STRIP_FOR_TARGET=/Library/Developer/CommandLineTools/usr/bin/strip
ac_cv_path_install='/usr/bin/install -c'
ac_cv_prog_AR=arm-none-eabi-ar
ac_cv_prog_AWK=awk
ac_cv_prog_BISON=bison
ac_cv_prog_EXPECT=expect
ac_cv_prog_FLEX=flex
ac_cv_prog_LD=/Library/Developer/CommandLineTools/usr/bin/ld
ac_cv_prog_LEX=flex
ac_cv_prog_M4=gm4
ac_cv_prog_MAKEINFO=makeinfo
ac_cv_prog_YACC='bison -y'
ac_cv_prog_ac_ct_CC=gcc
ac_cv_prog_ac_ct_CXX=g++
ac_cv_prog_cc_c89=
ac_cv_prog_cc_g=yes
ac_cv_prog_cxx_g=yes
ac_cv_target=arm-none-eabi
acx_cv_cc_gcc_supports_ada=no
acx_cv_prog_LN=ln
gcc_cv_isl=yes
gcc_cv_prog_cmp_skip='cmp --ignore-initial=16 $$f1 $$f2'
gcc_cv_tool_dirs=
gcc_cv_tool_prefix=/usr/local
lt_cv_objdir=.libs

## ----------------- ##
## Output variables. ##
## ----------------- ##

AR='arm-none-eabi-ar'
AR_FOR_BUILD='ar'
AR_FOR_TARGET='/Library/Developer/CommandLineTools/usr/bin/ar'
AR_PLUGIN_OPTION=''
AS='arm-none-eabi-as'
AS_FOR_BUILD='as'
AS_FOR_TARGET='/Library/Developer/CommandLineTools/usr/bin/as'
AWK='awk'
BISON='bison'
BUILD_CONFIG=''
CC='gcc'
CC_FOR_BUILD='gcc'
CC_FOR_TARGET='cc'
CFLAGS='-g -O2'
CFLAGS_FOR_BUILD=''
CFLAGS_FOR_TARGET='-g -O2'
COMPILER_AS_FOR_TARGET='$(AS_FOR_TARGET)'
COMPILER_LD_FOR_TARGET='$(LD_FOR_TARGET)'
COMPILER_NM_FOR_TARGET='$(NM_FOR_TARGET)'
CONFIGURE_GDB_TK=''
CPPFLAGS=''
CXX='g++'
CXXFLAGS='-g -O2'
CXXFLAGS_FOR_BUILD=''
CXXFLAGS_FOR_TARGET='-g -O2'
CXX_FOR_BUILD='g++'
CXX_FOR_TARGET='c++'
DEBUG_PREFIX_CFLAGS_FOR_TARGET=''
DEFS='-DPACKAGE_NAME=\"\" -DPACKAGE_TARNAME=\"\" -DPACKAGE_VERSION=\"\" -DPACKAGE_STRING=\"\" -DPACKAGE_BUGREPORT=\"\" -DPACKAGE_URL=\"\" -DLT_OBJDIR=\".libs/\"'
DLLTOOL='arm-none-eabi-dlltool'
DLLTOOL_FOR_BUILD='dlltool'
DLLTOOL_FOR_TARGET='dlltool'
ECHO_C='\c'
ECHO_N=''
ECHO_T=''
EXEEXT=''
EXPECT='expect'
EXTRA_CONFIGARGS_LIBJAVA='--disable-static'
FLAGS_FOR_TARGET=''
FLEX='flex'
GCC_FOR_TARGET='cc'
GCC_SHLIB_SUBDIR=''
GCJ_FOR_BUILD='gcj'
GCJ_FOR_TARGET='gcj'
GDB_TK=''
GFORTRAN_FOR_BUILD='gfortran'
GFORTRAN_FOR_TARGET='gfortran'
GNATBIND='no'
GNATMAKE='no'
GOC_FOR_BUILD='gccgo'
GOC_FOR_TARGET='gccgo'
INSTALL_DATA='${INSTALL} -m 644'
INSTALL_GDB_TK=''
INSTALL_PROGRAM='${INSTALL}'
INSTALL_SCRIPT='${INSTALL}'
LD='/Library/Developer/CommandLineTools/usr/bin/ld'
LDFLAGS=''
LDFLAGS_FOR_BUILD=''
LDFLAGS_FOR_TARGET=''
LD_FOR_BUILD='ld'
LD_FOR_TARGET='/Library/Developer/CommandLineTools/usr/bin/ld'
LEX='flex'
LIBOBJS=''
LIBS=''
LIPO='arm-none-eabi-lipo'
LIPO_FOR_TARGET='/Library/Developer/CommandLineTools/usr/bin/lipo'
LN='ln'
LN_S='ln -s'
LTLIBOBJS=''
M4='gm4'
MAINT='#'
MAINTAINER_MODE_FALSE=''
MAINTAINER_MODE_TRUE='#'
MAKEINFO='makeinfo'
NM='arm-none-eabi-nm'
NM_FOR_BUILD='nm'
NM_FOR_TARGET='/Library/Developer/CommandLineTools/usr/bin/nm'
OBJCOPY='arm-none-eabi-objcopy'
OBJCOPY_FOR_TARGET='objcopy'
OBJDUMP='arm-none-eabi-objdump'
OBJDUMP_FOR_TARGET='/Library/Developer/CommandLineTools/usr/bin/objdump'
OBJEXT='o'
PACKAGE_BUGREPORT=''
PACKAGE_NAME=''
PACKAGE_STRING=''
PACKAGE_TARNAME=''
PACKAGE_URL=''
PACKAGE_VERSION=''
PATH_SEPARATOR=':'
RANLIB='true'
RANLIB_FOR_BUILD='ranlib'
RANLIB_FOR_TARGET='/Library/Developer/CommandLineTools/usr/bin/ranlib'
RANLIB_PLUGIN_OPTION=''
RAW_CXX_FOR_TARGET='c++'
READELF='arm-none-eabi-readelf'
READELF_FOR_TARGET='readelf'
RPATH_ENVVAR='LD_LIBRARY_PATH'
RUNTEST='runtest'
SED='/usr/bin/sed'
SHELL='/bin/sh'
STRIP='true'
STRIP_FOR_TARGET='/Library/Developer/CommandLineTools/usr/bin/strip'
SYSROOT_CFLAGS_FOR_TARGET=''
TOPLEVEL_CONFIGURE_ARGUMENTS='./configure --host=arm-none-eabi'
WINDMC='arm-none-eabi-windmc'
WINDMC_FOR_BUILD='windmc'
WINDMC_FOR_TARGET='windmc'
WINDRES='arm-none-eabi-windres'
WINDRES_FOR_BUILD='windres'
WINDRES_FOR_TARGET='windres'
YACC='bison -y'
ac_ct_CC='gcc'
ac_ct_CXX='g++'
bindir='${exec_prefix}/bin'
build='x86_64-apple-darwin21.6.0'
build_alias=''
build_configargs=' --cache-file=./config.cache  --program-transform-name='\''s,y,y,'\'' --disable-option-checking'
build_configdirs=''
build_cpu='x86_64'
build_libsubdir='build-x86_64-apple-darwin21.6.0'
build_noncanonical='x86_64-apple-darwin21.6.0'
build_os='darwin21.6.0'
build_subdir='build-x86_64-apple-darwin21.6.0'
build_tooldir='${exec_prefix}/arm-none-eabi'
build_vendor='apple'
compare_exclusions='gcc/cc*-checksum$(objext) | gcc/ada/*tools/*'
configdirs=' etc'
datadir='${datarootdir}'
datarootdir='${prefix}/share'
do_compare='cmp --ignore-initial=16 $$f1 $$f2'
docdir='${datarootdir}/doc/${PACKAGE}'
dvidir='${docdir}'
exec_prefix='${prefix}'
extra_host_libiberty_configure_flags=''
extra_host_zlib_configure_flags=''
extra_isl_gmp_configure_flags=''
extra_liboffloadmic_configure_flags=''
extra_linker_plugin_configure_flags=''
extra_linker_plugin_flags=''
extra_mpc_gmp_configure_flags=''
extra_mpc_mpfr_configure_flags=''
extra_mpfr_configure_flags=''
gmpinc=''
gmplibs='-lmpc -lmpfr -lgmp'
host='arm-none-eabi'
host_alias='arm-none-eabi'
host_configargs=' --cache-file=./config.cache  --with-system-zlib  --program-transform-name='\''s,y,y,'\'' --disable-option-checking'
host_cpu='arm'
host_noncanonical='arm-none-eabi'
host_os='eabi'
host_shared='no'
host_subdir='.'
host_vendor='none'
htmldir='${docdir}'
includedir='${prefix}/include'
infodir='${datarootdir}/info'
islinc=''
isllibs=' -lisl'
islver='0.15'
libdir='${exec_prefix}/lib'
libexecdir='${exec_prefix}/libexec'
localedir='${datarootdir}/locale'
localstatedir='${prefix}/var'
mandir='${datarootdir}/man'
oldincludedir='/usr/include'
pdfdir='${docdir}'
poststage1_ldflags='-static-libstdc++ -static-libgcc'
poststage1_libs=''
prefix='/usr/local'
program_transform_name='s,y,y,'
psdir='${docdir}'
runstatedir='${localstatedir}/run'
sbindir='${exec_prefix}/sbin'
sharedstatedir='${prefix}/com'
stage1_cflags='-g'
stage1_checking='--enable-checking=yes,types'
stage1_languages=',c,'
stage1_ldflags=''
stage1_libs=''
stage2_werror_flag=''
sysconfdir='${prefix}/etc'
target='arm-none-eabi'
target_alias=''
target_configargs='--cache-file=./config.cache --enable-multilib   --program-transform-name='\''s,y,y,'\'' --disable-option-checking'
target_configdirs=''
target_cpu='arm'
target_noncanonical='arm-none-eabi'
target_os='eabi'
target_subdir='arm-none-eabi'
target_vendor='none'
tooldir='${exec_prefix}/arm-none-eabi'

## ------------------- ##
## File substitutions. ##
## ------------------- ##

alphaieee_frag='/dev/null'
host_makefile_frag='/dev/null'
ospace_frag='/dev/null'
serialization_dependencies='serdep.tmp'
target_makefile_frag='/dev/null'

## ----------- ##
## confdefs.h. ##
## ----------- ##

/* confdefs.h */
#define PACKAGE_NAME ""
#define PACKAGE_TARNAME ""
#define PACKAGE_VERSION ""
#define PACKAGE_STRING ""
#define PACKAGE_BUGREPORT ""
#define PACKAGE_URL ""
#define LT_OBJDIR ".libs/"

configure: exit 0
